[    0.000000] Initializing cgroup subsys cpuset
[    0.000000] Initializing cgroup subsys cpu
[    0.000000] Initializing cgroup subsys cpuacct
[    0.000000] Linux version 4.4.0-178-generic (buildd@lgw01-amd64-017) (gcc version 5.4.0 20160609 (Ubuntu 5.4.0-6ubuntu1~16.04.12) ) #208-Ubuntu SMP Sun Apr 5 23:45:10 UTC 2020 (Ubuntu 4.4.0-178.208-generic 4.4.217)
[    0.000000] Command line: BOOT_IMAGE=/boot/vmlinuz-4.4.0-178-generic root=LABEL=cloudimg-rootfs ro console=tty1 console=ttyS0
[    0.000000] KERNEL supported cpus:
[    0.000000]   Intel GenuineIntel
[    0.000000]   AMD AuthenticAMD
[    0.000000]   Centaur CentaurHauls
[    0.000000] x86/fpu: xstate_offset[2]:  576, xstate_sizes[2]:  256
[    0.000000] x86/fpu: Supporting XSAVE feature 0x01: 'x87 floating point registers'
[    0.000000] x86/fpu: Supporting XSAVE feature 0x02: 'SSE registers'
[    0.000000] x86/fpu: Supporting XSAVE feature 0x04: 'AVX registers'
[    0.000000] x86/fpu: Enabled xstate features 0x7, context size is 832 bytes, using 'standard' format.
[    0.000000] e820: BIOS-provided physical RAM map:
[    0.000000] BIOS-e820: [mem 0x0000000000000000-0x000000000009fbff] usable
[    0.000000] BIOS-e820: [mem 0x000000000009fc00-0x000000000009ffff] reserved
[    0.000000] BIOS-e820: [mem 0x00000000000f0000-0x00000000000fffff] reserved
[    0.000000] BIOS-e820: [mem 0x0000000000100000-0x000000003ffeffff] usable
[    0.000000] BIOS-e820: [mem 0x000000003fff0000-0x000000003fffffff] ACPI data
[    0.000000] BIOS-e820: [mem 0x00000000fec00000-0x00000000fec00fff] reserved
[    0.000000] BIOS-e820: [mem 0x00000000fee00000-0x00000000fee00fff] reserved
[    0.000000] BIOS-e820: [mem 0x00000000fffc0000-0x00000000ffffffff] reserved
[    0.000000] NX (Execute Disable) protection: active
[    0.000000] SMBIOS 2.5 present.
[    0.000000] Hypervisor detected: KVM
[    0.000000] e820: last_pfn = 0x3fff0 max_arch_pfn = 0x400000000
[    0.000000] MTRR: Disabled
[    0.000000] x86/PAT: MTRRs disabled, skipping PAT initialization too.
[    0.000000] CPU MTRRs all blank - virtualized system.
[    0.000000] x86/PAT: Configuration [0-7]: WB  WT  UC- UC  WB  WT  UC- UC  
[    0.000000] found SMP MP-table at [mem 0x0009fff0-0x0009ffff] mapped at [ffff88000009fff0]
[    0.000000] Scanning 1 areas for low memory corruption
[    0.000000] RAMDISK: [mem 0x362e0000-0x37167fff]
[    0.000000] ACPI: Early table checksum verification disabled
[    0.000000] ACPI: RSDP 0x00000000000E0000 000024 (v02 VBOX  )
[    0.000000] ACPI: XSDT 0x000000003FFF0030 00003C (v01 VBOX   VBOXXSDT 00000001 ASL  00000061)
[    0.000000] ACPI: FACP 0x000000003FFF00F0 0000F4 (v04 VBOX   VBOXFACP 00000001 ASL  00000061)
[    0.000000] ACPI: DSDT 0x000000003FFF0470 002325 (v02 VBOX   VBOXBIOS 00000002 INTL 20100528)
[    0.000000] ACPI: FACS 0x000000003FFF0200 000040
[    0.000000] ACPI: FACS 0x000000003FFF0200 000040
[    0.000000] ACPI: APIC 0x000000003FFF0240 00005C (v02 VBOX   VBOXAPIC 00000001 ASL  00000061)
[    0.000000] ACPI: SSDT 0x000000003FFF02A0 0001CC (v01 VBOX   VBOXCPUT 00000002 INTL 20100528)
[    0.000000] No NUMA configuration found
[    0.000000] Faking a node at [mem 0x0000000000000000-0x000000003ffeffff]
[    0.000000] NODE_DATA(0) allocated [mem 0x3ffeb000-0x3ffeffff]
[    0.000000] kvm-clock: Using msrs 4b564d01 and 4b564d00
[    0.000000] kvm-clock: cpu 0, msr 0:3ffe3001, primary cpu clock
[    0.000000] kvm-clock: using sched offset of 4978549648 cycles
[    0.000000] clocksource: kvm-clock: mask: 0xffffffffffffffff max_cycles: 0x1cd42e4dffb, max_idle_ns: 881590591483 ns
[    0.000000] Zone ranges:
[    0.000000]   DMA      [mem 0x0000000000001000-0x0000000000ffffff]
[    0.000000]   DMA32    [mem 0x0000000001000000-0x000000003ffeffff]
[    0.000000]   Normal   empty
[    0.000000]   Device   empty
[    0.000000] Movable zone start for each node
[    0.000000] Early memory node ranges
[    0.000000]   node   0: [mem 0x0000000000001000-0x000000000009efff]
[    0.000000]   node   0: [mem 0x0000000000100000-0x000000003ffeffff]
[    0.000000] Initmem setup node 0 [mem 0x0000000000001000-0x000000003ffeffff]
[    0.000000] ACPI: PM-Timer IO Port: 0x4008
[    0.000000] IOAPIC[0]: apic_id 2, version 32, address 0xfec00000, GSI 0-23
[    0.000000] ACPI: INT_SRC_OVR (bus 0 bus_irq 0 global_irq 2 dfl dfl)
[    0.000000] ACPI: INT_SRC_OVR (bus 0 bus_irq 9 global_irq 9 low level)
[    0.000000] Using ACPI (MADT) for SMP configuration information
[    0.000000] smpboot: Allowing 2 CPUs, 0 hotplug CPUs
[    0.000000] PM: Registered nosave memory: [mem 0x00000000-0x00000fff]
[    0.000000] PM: Registered nosave memory: [mem 0x0009f000-0x0009ffff]
[    0.000000] PM: Registered nosave memory: [mem 0x000a0000-0x000effff]
[    0.000000] PM: Registered nosave memory: [mem 0x000f0000-0x000fffff]
[    0.000000] e820: [mem 0x40000000-0xfebfffff] available for PCI devices
[    0.000000] Booting paravirtualized kernel on KVM
[    0.000000] clocksource: refined-jiffies: mask: 0xffffffff max_cycles: 0xffffffff, max_idle_ns: 7645519600211568 ns
[    0.000000] setup_percpu: NR_CPUS:512 nr_cpumask_bits:512 nr_cpu_ids:2 nr_node_ids:1
[    0.000000] PERCPU: Embedded 33 pages/cpu @ffff88003fc00000 s95448 r8192 d31528 u1048576
[    0.000000] Built 1 zonelists in Node order, mobility grouping on.  Total pages: 257912
[    0.000000] Policy zone: DMA32
[    0.000000] Kernel command line: BOOT_IMAGE=/boot/vmlinuz-4.4.0-178-generic root=LABEL=cloudimg-rootfs ro console=tty1 console=ttyS0
[    0.000000] PID hash table entries: 4096 (order: 3, 32768 bytes)
[    0.000000] Memory: 997672K/1048120K available (8626K kernel code, 1336K rwdata, 4036K rodata, 1488K init, 1292K bss, 50448K reserved, 0K cma-reserved)
[    0.000000] SLUB: HWalign=64, Order=0-3, MinObjects=0, CPUs=2, Nodes=1
[    0.000000] Kernel/User page tables isolation: enabled
[    0.000000] Hierarchical RCU implementation.
[    0.000000] 	Build-time adjustment of leaf fanout to 64.
[    0.000000] 	RCU restricting CPUs from NR_CPUS=512 to nr_cpu_ids=2.
[    0.000000] RCU: Adjusting geometry for rcu_fanout_leaf=64, nr_cpu_ids=2
[    0.000000] NR_IRQS:33024 nr_irqs:440 16
[    0.000000] Console: colour VGA+ 80x25
[    0.000000] console [tty1] enabled
[    0.000000] console [ttyS0] enabled
[    0.000000] tsc: Detected 1799.999 MHz processor
[    0.193134] Calibrating delay loop (skipped) preset value.. 3599.99 BogoMIPS (lpj=7199996)
[    0.195559] pid_max: default: 32768 minimum: 301
[    0.196951] ACPI: Core revision 20150930
[    0.199058] ACPI: 2 ACPI AML tables successfully acquired and loaded
[    0.200999] Security Framework initialized
[    0.202224] Yama: becoming mindful.
[    0.203389] AppArmor: AppArmor initialized
[    0.204839] Dentry cache hash table entries: 131072 (order: 8, 1048576 bytes)
[    0.208313] Inode-cache hash table entries: 65536 (order: 7, 524288 bytes)
[    0.210322] Mount-cache hash table entries: 2048 (order: 2, 16384 bytes)
[    0.212114] Mountpoint-cache hash table entries: 2048 (order: 2, 16384 bytes)
[    0.214079] Initializing cgroup subsys io
[    0.215294] Initializing cgroup subsys memory
[    0.216604] Initializing cgroup subsys devices
[    0.217816] Initializing cgroup subsys freezer
[    0.219395] Initializing cgroup subsys net_cls
[    0.220806] Initializing cgroup subsys perf_event
[    0.222821] Initializing cgroup subsys net_prio
[    0.224619] Initializing cgroup subsys hugetlb
[    0.225989] Initializing cgroup subsys pids
[    0.228291] mce: CPU supports 0 MCE banks
[    0.229507] Last level iTLB entries: 4KB 64, 2MB 8, 4MB 8
[    0.231041] Last level dTLB entries: 4KB 64, 2MB 0, 4MB 0, 1GB 4
[    0.232732] Spectre V1 : Mitigation: usercopy/swapgs barriers and __user pointer sanitization
[    0.235291] Spectre V2 : Mitigation: Full generic retpoline
[    0.236875] Spectre V2 : Spectre v2 / SpectreRSB mitigation: Filling RSB on context switch
[    0.239151] Speculative Store Bypass: Vulnerable
[    0.240639] MDS: Vulnerable: Clear CPU buffers attempted, no microcode
[    0.245251] Freeing SMP alternatives memory: 36K
[    0.253247] ftrace: allocating 32308 entries in 127 pages
[    0.324614] smpboot: APIC(0) Converting physical 0 to logical package 0
[    0.326698] smpboot: Max logical packages: 1
[    0.328556] x2apic enabled
[    0.333218] Switched APIC routing to physical x2apic.
[    0.336194] ..TIMER: vector=0x30 apic1=0 pin1=2 apic2=-1 pin2=-1
[    0.446686] smpboot: CPU0: Intel(R) Core(TM) i5-5350U CPU @ 1.80GHz (family: 0x6, model: 0x3d, stepping: 0x4)
[    0.449749] Performance Events: unsupported p6 CPU model 61 no PMU driver, software events only.
[    0.464336] KVM setup paravirtual spinlock
[    0.466233] x86: Booting SMP configuration:
[    0.467518] .... node  #0, CPUs:      #1
[    0.469181] kvm-clock: cpu 1, msr 0:3ffe3041, secondary cpu clock
[    0.471615] mce: CPU supports 0 MCE banks
[    0.474487] x86: Booted up 1 node, 2 CPUs
[    0.476019] smpboot: Total of 2 processors activated (7199.99 BogoMIPS)
[    0.478311] devtmpfs: initialized
[    0.480992] evm: security.selinux
[    0.481988] evm: security.SMACK64
[    0.483132] evm: security.SMACK64EXEC
[    0.484208] evm: security.SMACK64TRANSMUTE
[    0.485403] evm: security.SMACK64MMAP
[    0.486509] evm: security.ima
[    0.487685] evm: security.capability
[    0.489094] clocksource: jiffies: mask: 0xffffffff max_cycles: 0xffffffff, max_idle_ns: 7645041785100000 ns
[    0.492469] futex hash table entries: 512 (order: 3, 32768 bytes)
[    0.494349] pinctrl core: initialized pinctrl subsystem
[    0.495999] RTC time: 21:10:29, date: 05/12/20
[    0.497702] NET: Registered protocol family 16
[    0.511914] cpuidle: using governor ladder
[    0.531870] cpuidle: using governor menu
[    0.533728] PCCT header not found.
[    0.535312] ACPI: bus type PCI registered
[    0.536612] acpiphp: ACPI Hot Plug PCI Controller Driver version: 0.5
[    0.538445] PCI: Using configuration type 1 for base access
[    0.557307] ACPI: Added _OSI(Module Device)
[    0.560282] ACPI: Added _OSI(Processor Device)
[    0.562383] ACPI: Added _OSI(3.0 _SCP Extensions)
[    0.564378] ACPI: Added _OSI(Processor Aggregator Device)
[    0.566984] ACPI: Executed 1 blocks of module-level executable AML code
[    0.571087] ACPI: Interpreter enabled
[    0.572186] ACPI: (supports S0 S5)
[    0.573236] ACPI: Using IOAPIC for interrupt routing
[    0.574852] PCI: Using host bridge windows from ACPI; if necessary, use "pci=nocrs" and report a bug
[    0.582377] ACPI: PCI Root Bridge [PCI0] (domain 0000 [bus 00-ff])
[    0.584156] acpi PNP0A03:00: _OSC: OS supports [ASPM ClockPM Segments MSI]
[    0.586308] acpi PNP0A03:00: _OSC: not requesting OS control; OS requires [ExtendedConfig ASPM ClockPM MSI]
[    0.589309] acpi PNP0A03:00: fail to add MMCONFIG information, can't access extended PCI configuration space under this bridge.
[    0.592944] PCI host bridge to bus 0000:00
[    0.594157] pci_bus 0000:00: root bus resource [io  0x0000-0x0cf7 window]
[    0.595993] pci_bus 0000:00: root bus resource [io  0x0d00-0xffff window]
[    0.597783] pci_bus 0000:00: root bus resource [mem 0x000a0000-0x000bffff window]
[    0.600085] pci_bus 0000:00: root bus resource [mem 0x40000000-0xfdffffff window]
[    0.602237] pci_bus 0000:00: root bus resource [bus 00-ff]
[    0.606831] pci 0000:00:01.1: legacy IDE quirk: reg 0x10: [io  0x01f0-0x01f7]
[    0.608764] pci 0000:00:01.1: legacy IDE quirk: reg 0x14: [io  0x03f6]
[    0.610542] pci 0000:00:01.1: legacy IDE quirk: reg 0x18: [io  0x0170-0x0177]
[    0.612631] pci 0000:00:01.1: legacy IDE quirk: reg 0x1c: [io  0x0376]
[    0.646309] pci 0000:00:07.0: quirk: [io  0x4000-0x403f] claimed by PIIX4 ACPI
[    0.648536] pci 0000:00:07.0: quirk: [io  0x4100-0x410f] claimed by PIIX4 SMB
[    0.658572] ACPI: PCI Interrupt Link [LNKA] (IRQs 5 9 10 *11)
[    0.661336] ACPI: PCI Interrupt Link [LNKB] (IRQs 5 9 *10 11)
[    0.666063] ACPI: PCI Interrupt Link [LNKC] (IRQs 5 *9 10 11)
[    0.668324] ACPI: PCI Interrupt Link [LNKD] (IRQs 5 9 10 *11)
[    0.670696] ACPI: Enabled 2 GPEs in block 00 to 07
[    0.672755] vgaarb: setting as boot device: PCI:0000:00:02.0
[    0.674280] vgaarb: device added: PCI:0000:00:02.0,decodes=io+mem,owns=io+mem,locks=none
[    0.676584] vgaarb: loaded
[    0.677505] vgaarb: bridge control possible 0000:00:02.0
[    0.679315] SCSI subsystem initialized
[    0.680601] ACPI: bus type USB registered
[    0.681831] usbcore: registered new interface driver usbfs
[    0.683381] usbcore: registered new interface driver hub
[    0.684910] usbcore: registered new device driver usb
[    0.686782] PCI: Using ACPI for IRQ routing
[    0.689902] NetLabel: Initializing
[    0.690954] NetLabel:  domain hash size = 128
[    0.692337] NetLabel:  protocols = UNLABELED CIPSOv4
[    0.693709] NetLabel:  unlabeled traffic allowed by default
[    0.695515] amd_nb: Cannot enumerate AMD northbridges
[    0.697028] clocksource: Switched to clocksource kvm-clock
[    0.707256] AppArmor: AppArmor Filesystem Enabled
[    0.708723] pnp: PnP ACPI init
[    0.711584] pnp: PnP ACPI: found 3 devices
[    0.723588] clocksource: acpi_pm: mask: 0xffffff max_cycles: 0xffffff, max_idle_ns: 2085701024 ns
[    0.726163] NET: Registered protocol family 2
[    0.727660] TCP established hash table entries: 8192 (order: 4, 65536 bytes)
[    0.729664] TCP bind hash table entries: 8192 (order: 5, 131072 bytes)
[    0.731425] TCP: Hash tables configured (established 8192 bind 8192)
[    0.733169] UDP hash table entries: 512 (order: 2, 16384 bytes)
[    0.734868] UDP-Lite hash table entries: 512 (order: 2, 16384 bytes)
[    0.736787] NET: Registered protocol family 1
[    0.738177] pci 0000:00:00.0: Limiting direct PCI/PCI transfers
[    0.739816] pci 0000:00:01.0: Activating ISA DMA hang workarounds
[    0.741639] Unpacking initramfs...
[    1.038494] Freeing initrd memory: 14880K
[    1.040165] RAPL PMU detected, API unit is 2^-32 Joules, 4 fixed counters 10737418240 ms ovfl timer
[    1.042688] hw unit of domain pp0-core 2^-0 Joules
[    1.044025] hw unit of domain package 2^-0 Joules
[    1.046357] hw unit of domain dram 2^-0 Joules
[    1.047838] hw unit of domain pp1-gpu 2^-0 Joules
[    1.049414] clocksource: tsc: mask: 0xffffffffffffffff max_cycles: 0x19f228ab7a2, max_idle_ns: 440795289252 ns
[    1.052237] platform rtc_cmos: registered platform RTC device (no PNP device found)
[    1.054808] Scanning for low memory corruption every 60 seconds
[    1.056824] audit: initializing netlink subsys (disabled)
[    1.058432] audit: type=2000 audit(1589317836.458:1): initialized
[    1.060574] Initialise system trusted keyring
[    1.062528] HugeTLB registered 2 MB page size, pre-allocated 0 pages
[    1.065565] zbud: loaded
[    1.066840] VFS: Disk quotas dquot_6.6.0
[    1.068014] VFS: Dquot-cache hash table entries: 512 (order 0, 4096 bytes)
[    1.070342] squashfs: version 4.0 (2009/01/31) Phillip Lougher
[    1.072265] fuse init (API version 7.23)
[    1.073624] Key type big_key registered
[    1.074752] Allocating IMA MOK and blacklist keyrings.
[    1.078760] Key type asymmetric registered
[    1.080028] Asymmetric key parser 'x509' registered
[    1.081463] Block layer SCSI generic (bsg) driver version 0.4 loaded (major 249)
[    1.083866] io scheduler noop registered
[    1.085062] io scheduler deadline registered (default)
[    1.086953] io scheduler cfq registered
[    1.088166] pci_hotplug: PCI Hot Plug PCI Core version: 0.5
[    1.089731] pciehp: PCI Express Hot Plug Controller Driver version: 0.4
[    1.091820] ACPI: AC Adapter [AC] (off-line)
[    1.093093] input: Power Button as /devices/LNXSYSTM:00/LNXPWRBN:00/input/input0
[    1.095295] ACPI: Power Button [PWRF]
[    1.096441] input: Sleep Button as /devices/LNXSYSTM:00/LNXSLPBN:00/input/input1
[    1.098657] ACPI: Sleep Button [SLPF]
[    1.101273] GHES: HEST is not enabled!
[    1.101356] ACPI: Battery Slot [BAT0] (battery present)
[    1.104342] Serial: 8250/16550 driver, 32 ports, IRQ sharing enabled
[    1.126897] 00:02: ttyS0 at I/O 0x3f8 (irq = 4, base_baud = 115200) is a 16550A
[    1.133505] Linux agpgart interface v0.103
[    1.136764] loop: module loaded
[    1.138615] scsi host0: ata_piix
[    1.140021] scsi host1: ata_piix
[    1.141032] ata1: PATA max UDMA/33 cmd 0x1f0 ctl 0x3f6 bmdma 0xd000 irq 14
[    1.142891] ata2: PATA max UDMA/33 cmd 0x170 ctl 0x376 bmdma 0xd008 irq 15
[    1.144806] libphy: Fixed MDIO Bus: probed
[    1.146211] tun: Universal TUN/TAP device driver, 1.6
[    1.147599] tun: (C) 1999-2004 Max Krasnyansky <maxk@qualcomm.com>
[    1.149458] PPP generic driver version 2.4.2
[    1.150864] ehci_hcd: USB 2.0 'Enhanced' Host Controller (EHCI) Driver
[    1.152572] ehci-pci: EHCI PCI platform driver
[    1.154168] ehci-platform: EHCI generic platform driver
[    1.155602] ohci_hcd: USB 1.1 'Open' Host Controller (OHCI) Driver
[    1.157237] ohci-pci: OHCI PCI platform driver
[    1.158664] ohci-platform: OHCI generic platform driver
[    1.160564] uhci_hcd: USB Universal Host Controller Interface driver
[    1.162612] i8042: PNP: PS/2 Controller [PNP0303:PS2K,PNP0f03:PS2M] at 0x60,0x64 irq 1,12
[    1.165326] serio: i8042 KBD port at 0x60,0x64 irq 1
[    1.166736] serio: i8042 AUX port at 0x60,0x64 irq 12
[    1.168542] mousedev: PS/2 mouse device common for all mice
[    1.170838] input: AT Translated Set 2 keyboard as /devices/platform/i8042/serio0/input/input2
[    1.173703] rtc_cmos rtc_cmos: rtc core: registered rtc_cmos as rtc0
[    1.175447] rtc_cmos rtc_cmos: alarms up to one day, 114 bytes nvram
[    1.177109] i2c /dev entries driver
[    1.178572] device-mapper: uevent: version 1.0.3
[    1.180090] device-mapper: ioctl: 4.34.0-ioctl (2015-10-28) initialised: dm-devel@redhat.com
[    1.182639] ledtrig-cpu: registered to indicate activity on CPUs
[    1.184934] NET: Registered protocol family 10
[    1.186604] NET: Registered protocol family 17
[    1.188062] Key type dns_resolver registered
[    1.189629] registered taskstats version 1
[    1.190853] Loading compiled-in X.509 certificates
[    1.192853] Loaded X.509 cert 'Build time autogenerated kernel key: f33c437cc9123d9712070bdfe932b55b24c56047'
[    1.195683] zswap: loaded using pool lzo/zbud
[    1.199479] Key type trusted registered
[    1.205082] Key type encrypted registered
[    1.206269] AppArmor: AppArmor sha1 policy hashing enabled
[    1.207824] ima: No TPM chip found, activating TPM-bypass!
[    1.209429] ima: Allocated hash algorithm: sha1
[    1.210771] evm: HMAC attrs: 0x1
[    1.212347]   Magic number: 4:739:196
[    1.213680] rtc_cmos rtc_cmos: setting system clock to 2020-05-12 21:10:30 UTC (1589317830)
[    1.216300] BIOS EDD facility v0.16 2004-Jun-25, 0 devices found
[    1.218041] EDD information not available.
[    1.337724] Freeing unused kernel memory: 1488K
[    1.350880] Write protecting the kernel read-only data: 14336k
[    1.354325] Freeing unused kernel memory: 1604K
[    1.356277] Freeing unused kernel memory: 60K
Loading, please wait...
starting version 229
[    1.377794] random: systemd-udevd: uninitialized urandom read (16 bytes read, 3 bits of entropy available)
[    1.378191] random: udevadm: uninitialized urandom read (16 bytes read, 3 bits of entropy available)
[    1.378228] random: udevadm: uninitialized urandom read (16 bytes read, 3 bits of entropy available)
[    1.390497] random: systemd-udevd: uninitialized urandom read (16 bytes read, 3 bits of entropy available)
[    1.390990] random: udevadm: uninitialized urandom read (16 bytes read, 3 bits of entropy available)
[    1.391058] random: udevadm: uninitialized urandom read (16 bytes read, 3 bits of entropy available)
[    1.391276] random: udevadm: uninitialized urandom read (16 bytes read, 3 bits of entropy available)
[    1.391358] random: udevadm: uninitialized urandom read (16 bytes read, 3 bits of entropy available)
[    1.391437] random: udevadm: uninitialized urandom read (16 bytes read, 3 bits of entropy available)
[    1.391520] random: udevadm: uninitialized urandom read (16 bytes read, 3 bits of entropy available)
[    1.494089] Fusion MPT base driver 3.04.20
[    1.496412] Copyright (c) 1999-2008 LSI Corporation
[    1.504536] e1000: Intel(R) PRO/1000 Network Driver - version 7.3.21-k8-NAPI
[    1.507333] e1000: Copyright (c) 1999-2006 Intel Corporation.
[    1.539291] Fusion MPT SPI Host driver 3.04.20
[    1.542076] mptbase: ioc0: Initiating bringup
[    1.543989] AVX2 version of gcm_enc/dec engaged.
[    1.543990] AES CTR mode by8 optimization enabled
[    1.789969] input: ImExPS/2 Generic Explorer Mouse as /devices/platform/i8042/serio1/input/input4
[    1.809393] ioc0: LSI53C1030 A0: Capabilities={Initiator}
[    4.471068] scsi host2: ioc0: LSI53C1030 A0, FwRev=00000000h, Ports=1, MaxQ=256, IRQ=20
[    6.104937] scsi 2:0:0:0: Direct-Access     VBOX     HARDDISK         1.0  PQ: 0 ANSI: 5
[    6.109580] scsi target2:0:0: Beginning Domain Validation
[    6.115446] scsi target2:0:0: Domain Validation skipping write tests
[    6.117216] scsi target2:0:0: Ending Domain Validation
[    6.118853] scsi target2:0:0: asynchronous
[    6.120660] scsi 2:0:1:0: Direct-Access     VBOX     HARDDISK         1.0  PQ: 0 ANSI: 5
[    6.123130] scsi target2:0:1: Beginning Domain Validation
[    6.137344] scsi target2:0:1: Domain Validation skipping write tests
[    6.139207] scsi target2:0:1: Ending Domain Validation
[    6.140973] scsi target2:0:1: asynchronous
[    6.177873] sd 2:0:0:0: Attached scsi generic sg0 type 0
[    6.181336] sd 2:0:1:0: Attached scsi generic sg1 type 0
[    6.183582] sd 2:0:0:0: [sda] 20971520 512-byte logical blocks: (10.7 GB/10.0 GiB)
[    6.188753] sd 2:0:1:0: [sdb] 20480 512-byte logical blocks: (10.5 MB/10.0 MiB)
[    6.191245] sd 2:0:0:0: [sda] Write Protect is off
[    6.194150] sd 2:0:0:0: [sda] Incomplete mode parameter data
[    6.196156] sd 2:0:0:0: [sda] Assuming drive cache: write through
[    6.198339] sd 2:0:1:0: [sdb] Write Protect is off
[    6.200207] sd 2:0:1:0: [sdb] Incomplete mode parameter data
[    6.201960] sd 2:0:1:0: [sdb] Assuming drive cache: write through
[    6.206193]  sda: sda1
[    6.208060] sd 2:0:0:0: [sda] Attached SCSI disk
[    6.210568] sd 2:0:1:0: [sdb] Attached SCSI disk
[    6.755254] e1000 0000:00:03.0 eth0: (PCI:33MHz:32-bit) 02:cb:9c:89:30:63
[    6.757192] e1000 0000:00:03.0 eth0: Intel(R) PRO/1000 Network Connection
[    6.760083] e1000 0000:00:03.0 enp0s3: renamed from eth0
Begin: Loading essential drivers ... [    8.355877] md: linear personality registered for level -1
[    8.361828] md: multipath personality registered for level -4
[    8.367397] md: raid0 personality registered for level 0
[    8.376555] md: raid1 personality registered for level 1
[    8.449556] raid6: sse2x1   gen()  7717 MB/s
[    8.517326] raid6: sse2x1   xor()  6629 MB/s
[    8.585251] raid6: sse2x2   gen() 10830 MB/s
[    8.653174] raid6: sse2x2   xor()  6466 MB/s
[    8.721214] raid6: sse2x4   gen()  9973 MB/s
[    8.789297] raid6: sse2x4   xor()  6819 MB/s
[    8.857291] raid6: avx2x1   gen() 12351 MB/s
[    8.925095] raid6: avx2x2   gen() 14409 MB/s
[    8.993254] raid6: avx2x4   gen()  7475 MB/s
[    8.996758] raid6: using algorithm avx2x2 gen() 14409 MB/s
[    8.999954] raid6: using avx2x2 recovery algorithm
[    9.004350] xor: automatically using best checksumming function:
[    9.045677]    avx       : 17511.000 MB/sec
[    9.048503] async_tx: api initialized (async)
[    9.072371] md: raid6 personality registered for level 6
[    9.074504] md: raid5 personality registered for level 5
[    9.076948] md: raid4 personality registered for level 4
[    9.092618] md: raid10 personality registered for level 10
done.
Begin: Running /scripts/init-premount ... done.
Begin: Mounting root file system ... Begin: Running /scripts/local-top ... done.
Begin: Running /scripts/local-premount ... [    9.143900] Btrfs loaded
Scanning for Btrfs filesystems
done.
Warning: fsck not present, so skipping root file system
[    9.224621] EXT4-fs (sda1): mounted filesystem with ordered data mode. Opts: (null)
done.
Begin: Running /scripts/local-bottom ... done.
Begin: Running /scripts/init-bottom ... done.
[    9.487846] systemd[1]: systemd 229 running in system mode. (+PAM +AUDIT +SELINUX +IMA +APPARMOR +SMACK +SYSVINIT +UTMP +LIBCRYPTSETUP +GCRYPT +GNUTLS +ACL +XZ -LZ4 +SECCOMP +BLKID +ELFUTILS +KMOD -IDN)
[    9.492954] systemd[1]: Detected virtualization oracle.
[    9.494656] systemd[1]: Detected architecture x86-64.

Welcome to [1mUbuntu 16.04.6 LTS[0m!

[    9.507670] systemd[1]: Set hostname to <ubuntu>.
[    9.514740] systemd[1]: Initializing machine ID from random generator.
[    9.516512] systemd[1]: Installed transient /etc/machine-id file.
[    9.958282] systemd[1]: Listening on udev Kernel Socket.
[[0;32m  OK  [0m] Listening on udev Kernel Socket.
[    9.963146] systemd[1]: Listening on Device-mapper event daemon FIFOs.
[[0;32m  OK  [0m] Listening on Device-mapper event daemon FIFOs.
[    9.968293] systemd[1]: Reached target Swap.
[[0;32m  OK  [0m] Reached target Swap.
[    9.972059] systemd[1]: Listening on Journal Socket.
[[0;32m  OK  [0m] Listening on Journal Socket.
[   10.003696] systemd[1]: Listening on Syslog Socket.
[[0;32m  OK  [0m] Listening on Syslog Socket.
[   10.010151] systemd[1]: Reached target User and Group Name Lookups.
[[0;32m  OK  [0m] Reached target User and Group Name Lookups.
[   10.013690] systemd[1]: Set up automount Arbitrary Executable File Formats File System Automount Point.
[[0;32m  OK  [0m] Set up automount Arbitrary Executab...ats File System Automount Point.
[   10.018659] systemd[1]: Listening on LVM2 poll daemon socket.
[[0;32m  OK  [0m] Listening on LVM2 poll daemon socket.
[   10.022258] systemd[1]: Created slice User and Session Slice.
[[0;32m  OK  [0m] Created slice User and Session Slice.
[   10.025302] systemd[1]: Reached target System Time Synchronized.
[[0;32m  OK  [0m] Reached target System Time Synchronized.
[   10.028262] systemd[1]: Listening on /dev/initctl Compatibility Named Pipe.
[[0;32m  OK  [0m] Listening on /dev/initctl Compatibility Named Pipe.
[   10.031768] systemd[1]: Reached target Encrypted Volumes.
[[0;32m  OK  [0m] Reached target Encrypted Volumes.
[   10.034675] systemd[1]: Listening on LVM2 metadata daemon socket.
[[0;32m  OK  [0m] Listening on LVM2 metadata daemon socket.
[   10.037741] systemd[1]: Listening on udev Control Socket.
[[0;32m  OK  [0m] Listening on udev Control Socket.
[   10.040545] systemd[1]: Started Trigger resolvconf update for networkd DNS.
[[0;32m  OK  [0m] Started Trigger resolvconf update for networkd DNS.
[   10.044740] systemd[1]: Created slice System Slice.
[[0;32m  OK  [0m] Created slice System Slice.
[   10.058099] systemd[1]: Starting Set console keymap...
         Starting Set console keymap...
[   10.063948] systemd[1]: Starting Create list of required static device nodes for the current kernel...
         Starting Create list of required st... nodes for the current kernel...
[   10.071535] systemd[1]: Reached target Slices.
[[0;32m  OK  [0m] Reached target Slices.
[   10.076231] systemd[1]: Starting Remount Root and Kernel File Systems...
         Starting Remount Root and Kernel File Systems...
[   10.086245] systemd[1]: Starting Load Kernel Modules...
[   10.086780] EXT4-fs (sda1): re-mounted. Opts: (null)
         Starting Load Kernel Modules...
[   10.110184] Loading iSCSI transport class v2.0-870.
[   10.113317] systemd[1]: Starting Nameserver information manager...
         Starting Nameserver information manager...
[   10.122160] systemd[1]: Mounting POSIX Message Queue File System...
         Mounting POSIX Message Queue File System...
[   10.127809] systemd[1]: Mounting Huge Pages File System...
         Mounting Huge Pages File System...
[   10.138803] iscsi: registered transport (tcp)
[   10.142272] systemd[1]: Starting Uncomplicated firewall...
         Starting Uncomplicated firewall...
[   10.147702] systemd[1]: Starting Monitoring of LVM2 mirrors, snapshots etc. using dmeventd or progress polling...
         Starting Monitoring of LVM2 mirrors... dmeventd or progress polling...
[   10.168991] systemd[1]: Created slice system-serial\x2dgetty.slice.
[[0;32m  OK  [0m] Created slice system-serial\x2dgetty.slice.
[   10.205291] systemd[1]: Mounting Debug File System...
         Mounting Debug File System...
[   10.221656] systemd[1]: Started Forward Password Requests to Wall Directory Watch.
[[0;32m  OK  [0m] Started Forward Password Requests to Wall Directory Watch.
[   10.237615] systemd[1]: Listening on Journal Socket (/dev/log).
[[0;32m  OK  [0m] Listening on Journal Socket (/dev/log).
[   10.249590] systemd[1]: Listening on Journal Audit Socket.
[[0;32m  OK  [0m] Listening on Journal Audit Socket.
[   10.266507] iscsi: registered transport (iser)
[   10.274153] systemd[1]: Starting Journal Service...
         Starting Journal Service...
[   10.286750] systemd[1]: Mounted POSIX Message Queue File System.
[[0;32m  OK  [0m] Mounted POSIX Message Queue File System.
[   10.301840] systemd[1]: Mounted Debug File System.
[[0;32m  OK  [0m] Mounted Debug File System.
[   10.310582] systemd[1]: Mounted Huge Pages File System.
[[0;32m  OK  [0m] Mounted Huge Pages File System.
[   10.313351] systemd[1]: Started Journal Service.
[[0;32m  OK  [0m] Started Journal Service.
[[0;32m  OK  [0m] Started Set console keymap.
[[0;32m  OK  [0m] Started Create list of required sta...ce nodes for the current kernel.
[[0;32m  OK  [0m] Started Remount Root and Kernel File Systems.
[[0;32m  OK  [0m] Started Load Kernel Modules.
[[0;32m  OK  [0m] Started Uncomplicated firewall.
[   10.353272] random: nonblocking pool is initialized
[[0;32m  OK  [0m] Started Nameserver information manager.
[[0;32m  OK  [0m] Started LVM2 metadata daemon.
         Mounting FUSE Control File System...
         Starting Apply Kernel Variables...
         Starting Load/Save Random Seed...
         Starting udev Coldplug all Devices...
         Starting Create Static Device Nodes in /dev...
         Starting Flush Journal to Persistent Storage...
[[0;32m  OK  [0m] Mounted FUSE Control File System.
[[0;32m  OK  [0m] Started Apply Kernel Variables.
[[0;32m  OK  [0m] Started Load/Save Random Seed.
[[0;32m  OK  [0m] Started Flush Journal to Persistent Storage.
[[0;32m  OK  [0m] Started Create Static Device Nodes in /dev.
         Starting udev Kernel Device Manager...
[[0;32m  OK  [0m] Started udev Coldplug all Devices.
[[0;32m  OK  [0m] Started udev Kernel Device Manager.
[[0;32m  OK  [0m] Started Dispatch Password Requests to Console Directory Watch.
[[0;32m  OK  [0m] Started Monitoring of LVM2 mirrors,...ng dmeventd or progress polling.
[[0;32m  OK  [0m] Reached target Local File Systems (Pre).
[[0;32m  OK  [0m] Reached target Local File Systems.
         Starting Initial cloud-init job (pre-networking)...
         Starting Tell Plymouth To Write Out Runtime Data...
         Starting Commit a transient machine-id on disk...
         Starting LSB: AppArmor initialization...
         Starting Set console font and keymap...
         Starting Create Volatile Files and Directories...
[[0;32m  OK  [0m] Started Create Volatile Files and Directories.
         Starting Update UTMP about System Boot/Shutdown...
[[0;32m  OK  [0m] Started Tell Plymouth To Write Out Runtime Data.
[[0;32m  OK  [0m] Started Update UTMP about System Boot/Shutdown.
[[0;32m  OK  [0m] Started Commit a transient machine-id on disk.
[[0;32m  OK  [0m] Found device /dev/ttyS0.
[[0;32m  OK  [0m] Listening on Load/Save RF Kill Switch Status /dev/rfkill Watch.
[[0;32m  OK  [0m] Started LSB: AppArmor initialization.
[   12.404928] cloud-init[477]: Cloud-init v. 19.4-33-gbb4131a2-0ubuntu1~16.04.1 running 'init-local' at Tue, 12 May 2020 21:10:41 +0000. Up 11.92 seconds.
[[0;32m  OK  [0m] Started Initial cloud-init job (pre-networking).
[[0;32m  OK  [0m] Reached target Network (Pre).
         Starting Raise network interfaces...
[[0;32m  OK  [0m] Started Set console font and keymap.
[[0;32m  OK  [0m] Created slice system-getty.slice.
[[0;32m  OK  [0m] Started Raise network interfaces.
[[0;32m  OK  [0m] Reached target Network.
         Starting Initial cloud-init job (metadata service crawler)...
[   13.903520] cloud-init[945]: Cloud-init v. 19.4-33-gbb4131a2-0ubuntu1~16.04.1 running 'init' at Tue, 12 May 2020 21:10:42 +0000. Up 13.05 seconds.
[   13.906538] cloud-init[945]: ci-info: ++++++++++++++++++++++++++++++++++++++Net device info++++++++++++++++++++++++++++++++++++++
[   13.908928] cloud-init[945]: ci-info: +--------+------+----------------------------+---------------+--------+-------------------+
[   13.916588] cloud-init[945]: ci-info: | Device |  Up  |          Address           |      Mask     | Scope  |     Hw-Address    |
[   13.919033] cloud-init[945]: ci-info: +--------+------+----------------------------+---------------+--------+-------------------+
[   13.924923] cloud-init[945]: ci-info: | enp0s3 | True |         10.0.2.15          | 255.255.255.0 | global | 02:cb:9c:89:30:63 |
[   13.932554] cloud-init[945]: ci-info: | enp0s3 | True | fe80::cb:9cff:fe89:3063/64 |       .       |  link  | 02:cb:9c:89:30:63 |
[   13.934675] cloud-init[945]: ci-info: |   lo   | True |         127.0.0.1          |   255.0.0.0   |  host  |         .         |
[   13.950623] cloud-init[945]: ci-info: |   lo   | True |          ::1/128           |       .       |  host  |         .         |
[   13.952890] cloud-init[945]: ci-info: +--------+------+----------------------------+---------------+--------+-------------------+
[   13.955544] cloud-init[945]: ci-info: +++++++++++++++++++++++++++Route IPv4 info++++++++++++++++++++++++++++
[   13.960848] cloud-init[945]: ci-info: +-------+-------------+----------+---------------+-----------+-------+
[   13.964812] cloud-init[945]: ci-info: | Route | Destination | Gateway  |    Genmask    | Interface | Flags |
[   13.968316] cloud-init[945]: ci-info: +-------+-------------+----------+---------------+-----------+-------+
[   13.972867] cloud-init[945]: ci-info: |   0   |   0.0.0.0   | 10.0.2.2 |    0.0.0.0    |   enp0s3  |   UG  |
[   13.976543] cloud-init[945]: ci-info: |   1   |   10.0.2.0  | 0.0.0.0  | 255.255.255.0 |   enp0s3  |   U   |
[   13.980652] cloud-init[945]: ci-info: +-------+-------------+----------+---------------+-----------+-------+
[   13.983366] cloud-init[945]: ci-info: +++++++++++++++++++Route IPv6 info+++++++++++++++++++
[   13.985727] cloud-init[945]: ci-info: +-------+-------------+---------+-----------+-------+
[   13.988314] cloud-init[945]: ci-info: | Route | Destination | Gateway | Interface | Flags |
[   13.990646] cloud-init[945]: ci-info: +-------+-------------+---------+-----------+-------+[[0;32m  OK  [0m] Started Initial cloud-init job (metadata service crawler).
[[0;32m  OK  [0m] Reached target System Initialization.
[[0;32m  OK  [0m] Listening on ACPID Listen Socket.

[   13.996946] cloud-init[945]: ci-info: |   0   |  fe80::/64  |    ::   |   enp0s3  |   U   |
[   13.999065] [[0;32m  OK  [0m] Started ACPI Events Check.
[[0;32m  OK  [0m] Reached target Paths.
[[0;32m  OK  [0m] Started Daily Cleanup of Temporary Directories.
cloud-init[945]: ci-info: |   3   |   ff00::/8  |    ::   |   enp0s3  |   U   |
         Starting LXD - unix socket.
[   14.005222] [[0;32m  OK  [0m] Listening on D-Bus System Message Bus Socket.
[[0;32m  OK  [0m] Started Message of the Day.
[[0;32m  OK  [0m] Listening on UUID daemon activation socket.
[[0;32m  OK  [0m] Started Daily apt download activities.
[cloud-init[945]: [0;32m  OK  [0m] Started Daily apt upgrade and clean activities.
[[0;32m  OK  [0m] Reached target Timers.
         Starting Socket activation for snappy daemon.
[[0;32m  OK  [0m] Reached target Network is Online.
ci-info: +-------+-------------+---------+-----------+-------+
[   14.020103] cloud-init[945]: Generating public/private rsa key pair.
[   14.021662] cloud-init[945]: Your identification has been saved in /etc/ssh/ssh_host_rsa_key.
[   14.023501] cloud-init[945]: Your public key has been saved in /etc/ssh/ssh_host_rsa_key.pub.
[   14.025703] cloud-init[945]: The key fingerprint is:
[   14.027212] cloud-init[945]: SHA256:IbI1MXahOdlb/exP8jnHZCf8ieTFk9b3xHJ482W+0jA root@ubuntu-xenial
[   14.029397] cloud-init[945]: The key's randomart image is:
[   14.030999] cloud-init[945]: +---[RSA 2048]----+
         Starting iSCSI initiator daemon (iscsid)...
[[0;32m  OK  [0m] Reached target Cloud-config availability.
[[0;32m  OK  [0m] Listening on LXD - unix socket.
[[0;32m  OK  [0m] Listening on Socket activation for snappy daemon.
[[0;32m  OK  [0m] Reached target Sockets.
[[0;32m  OK  [0m] Reached target Basic System.
[   14.041079] cloud-init[945]: |      + o.       |
[[0;32m  OK  [0m] Started Regular background program processing daemon.
[   14.044035]          Starting LSB: MD monitoring daemon...
cloud-init[945]: |     . O   .     |
[   14.047686] cloud-init[945]: |    . O o . .    |
[   14.049115]          Starting Login Service...
         Starting System Logging Service...
         Starting Virtualbox guest utils...
         Starting LSB: Record successful boot for GRUB...
cloud-init[945]: |     + + +   o   |
[   14.057705] cloud-init[945]: |    .   S    .+oo|
[   14.067262] cloud-init[945]: |             E=B&|
[[0;32m  OK  [0m] Started FUSE filesystem for LXC.
         Starting Accounts Service...[   14.067797] cloud-init[945]: |            o X&@|
[   14.072606] cloud-init[945]: |             + OO|

[[0;32m  OK  [0m] Started D-Bus System Message Bus.
[   14.087731] cloud-init[945]: |              .o*|
[   14.090335] cloud-init[945]: +----[SHA256]-----+
[   14.092309] cloud-init[945]: Generating public/private dsa key pair.
[   14.096358] cloud-init[945]: Your identification has been saved in /etc/ssh/ssh_host_dsa_key.
[   14.106046] cloud-init[945]: Your public key has been saved in /etc/ssh/ssh_host_dsa_key.pub.
[   14.110110] cloud-init[945]: The key fingerprint is:
[   14.112194] cloud-init[945]: SHA256:iFIyE4rEmhgUJCetuzT9t/owjuw3xRaaYIg7W6SQIy0 root@ubuntu-xenial
[   14.115629] cloud-init[945]: The key's randomart image is:
[   14.124864] cloud-init[945]: +---[DSA 1024]----+
[   14.131308] cloud-init[945]: |**+              |
[   14.133819] cloud-init[945]: |==..             |
[   14.135705] cloud-init[945]: |**= .            |
[   14.137904] cloud-init[945]: |E.oB . o         |
[   14.139649] cloud-init[945]: |oB+ o = S        |
[   14.142069] cloud-init[945]: |=o.o o +         |
[   14.144258] cloud-init[945]: |.=. .oo          |
[   14.152919] cloud-init[945]: |o . o+o.         |
[   14.160368] cloud-init[945]: |  .+.o=o.        |
[   14.162064] cloud-init[945]: +----[SHA256]-----+
[   14.163998] cloud-init[945]: Generating public/private ecdsa key pair.
[   14.167025] cloud-init[945]: Your identification has been saved in /etc/ssh/ssh_host_ecdsa_key.
[   14.170163] cloud-init[945]: Your public key has been saved in /etc/ssh/ssh_host_ecdsa_key.pub.
[   14.173126] cloud-init[945]: The key fingerprint is:
[   14.181440] cloud-init[945]: SHA256:TUr3vKkHc/zXBr+OeRImuZ2NXYmPYvqbUg2bzdYzSSo root@ubuntu-xenial
[   14.181826] cloud-init[945]: The key's randomart image is:
[   14.185039] cloud-init[945]: +---[ECDSA 256]---+
[   14.185965] cloud-init[945]: |                 |
[   14.187658] cloud-init[945]: |                 |
[   14.188608] cloud-init[945]: |        . o      |
[   14.190570] cloud-init[945]: |       . = +   . |
[   14.191491] cloud-init[945]: |        S ..@ = o|
[   14.193336] cloud-init[945]: |          oEo%.*.|
[   14.194262] cloud-init[945]: |          .+X.Oo=|
[[0;32m  OK  [0m] Started Deferred execution scheduler.
[   14.196528] cloud-init[945]: |         . =o*+==|
[   14.199972] cloud-init[945]: |         .*=oo+=.|
         Starting Pollinate to seed the pseudo random number generator...
         Starting Snappy daemon...
[   14.206053]          Starting /etc/rc.local Compatibility...
[[0;32m  OK  [0m] Started ACPI event daemon.
         Starting LXD - container startup/shutdown...
[[0;32m  OK  [0m] Started System Logging Service.
cloud-init[945]: +----[SHA256]-----+
[   14.231618] [[0;32m  OK  [0m] Started /etc/rc.local Compatibility.
cloud-init[945]: Generating public/private ed25519 key pair.
[   14.238122] cloud-init[945]: Your identification has been saved in /etc/ssh/ssh_host_ed25519_key.
[   14.246730] cloud-init[945]: Your public key has been saved in /etc/ssh/ssh_host_ed25519_key.pub.
[[0;32m  OK  [0m] Started Login Service.
[   14.263998] cloud-init[945]: [[0;32m  OK  [0m] Started LSB: Record successful boot for GRUB.
[The key fingerprint is:[0;32m  OK  [0m
] Started iSCSI initiator daemon (iscsid).
[   14.273598] cloud-init[945]: SHA256:5xO6gVtyc/Voe6GR/22pexe7gfqKlBAWigiXT9sRu1w root@ubuntu-xenial
[   14.279965] cloud-init[945]: The key's randomart image is:
[   14.290446] cloud-init[945]: +--[ED25519 256]--+
[   14.310537] cloud-init[945]: |. ..  .o         |
         Starting Login to default iSCSI targets...
[[0;32m  OK  [0m] Started Unattended Upgrades Shutdown.
         Starting Authenticate and Authorize Users to Run Privileged Tasks...
[[0;32m  OK  [0m] Started LSB: MD monitoring daemon.
[   14.310964] cloud-init[945]: |..o o o..        |
[   14.344246] cloud-init[945]: | . + +.+E        |
[   14.363761] cloud-init[945]: |    o.oo.        |
[   14.370427] cloud-init[945]: |      o.S o ..   |
[[0;32m  OK  [0m] Started Login to default iSCSI targets.[   14.379195] cloud-init[945]: |       ..+.oooo. |
[   14.379520] cloud-init[945]: |      o *o+ o=.o+|
[   14.379821] cloud-init[945]: |       =.=.oo.o+=|

[[0;32m  OK  [0m[   14.385011] cloud-init[945]: |      . .. o+=++=|
[   14.385900] cloud-init] [945]: +----[SHA256]-----+
Reached target Remote File Systems (Pre).
[[0;32m  OK  [0m] Reached target Remote File Systems.
         Starting LSB: Set the CPU Frequency Scaling governor to "ondemand"...
         Starting LSB: daemon to balance interrupts for SMP systems...
         Starting Permit User Sessions...
         Starting LSB: automatic crash report generation...
[[0;32m  OK  [0m] Started Permit User Sessions.
         Starting Hold until boot process finishes up...
         Starting Terminate Plymouth Boot Screen...
[[0;32m  OK  [0m] Started Hold until boot process finishes up.
[[0;32m  OK  [0m] Started Authenticate and Authorize Users to Run Privileged Tasks.
[[0;32m  OK  [0m] Started Accounts Service.
[[0;32m  OK  [0m] Started Serial Getty on ttyS0.
[[0;32m  OK  [0m] Started Getty on tty1.
[[0;32m  OK  [0m] Reached target Login Prompts.
         Starting Set console scheme...
[[0;32m  OK  [0m] Started Terminate Plymouth Boot Screen.
[[0;32m  OK  [0m] Started Set console scheme.
[[0;32m  OK  [0m] Started Virtualbox guest utils.
[[0;32m  OK  [0m] Started LSB: Set the CPU Frequency Scaling governor to "ondemand".
[[0;32m  OK  [0m] Started LSB: daemon to balance interrupts for SMP systems.
[[0;32m  OK  [0m] Started LSB: automatic crash report generation.
[[0;32m  OK  [0m] Started LXD - container startup/shutdown.
[[0;32m  OK  [0m] Started Snappy daemon.
         Starting Wait until snapd is fully seeded...
[[0;32m  OK  [0m] Started Pollinate to seed the pseudo random number generator.
         Starting OpenBSD Secure Shell server...
[[0;32m  OK  [0m] Started OpenBSD Secure Shell server.
[[0;32m  OK  [0m] Started Wait until snapd is fully seeded.
[[0;32m  OK  [0m] Reached target Multi-User System.
[[0;32m  OK  [0m] Reached target Graphical Interface.
         Starting Update UTMP about System Runlevel Changes...
         Starting Apply the settings specified in cloud-config...
[[0;32m  OK  [0m] Started Update UTMP about System Runlevel Changes.
[   17.506726] cloud-init[1311]: Generating locales (this might take a while)...
[   18.448368] cloud-init[1311]:   en_US.UTF-8... done
[   18.450996] cloud-init[1311]: Generation complete.
[[0;32m  OK  [0m] Created slice User Slice of vagrant.
         Starting User Manager for UID 1000...
[[0;32m  OK  [0m] Started Session 1 of user vagrant.
[[0;32m  OK  [0m] Started User Manager for UID 1000.
[   18.968066] cloud-init[1311]: Cloud-init v. 19.4-33-gbb4131a2-0ubuntu1~16.04.1 running 'modules:config' at Tue, 12 May 2020 21:10:46 +0000. Up 17.37 seconds.
[[0;32m  OK  [0m] Started Apply the settings specified in cloud-config.
         Starting Execute cloud user/final scripts...
ci-info: no authorized SSH keys fingerprints found for user ubuntu.
<14>May 12 21:10:49 ec2: 
<14>May 12 21:10:49 ec2: #############################################################
<14>May 12 21:10:49 ec2: -----BEGIN SSH HOST KEY FINGERPRINTS-----
<14>May 12 21:10:49 ec2: 1024 SHA256:iFIyE4rEmhgUJCetuzT9t/owjuw3xRaaYIg7W6SQIy0 root@ubuntu-xenial (DSA)
<14>May 12 21:10:49 ec2: 256 SHA256:TUr3vKkHc/zXBr+OeRImuZ2NXYmPYvqbUg2bzdYzSSo root@ubuntu-xenial (ECDSA)
<14>May 12 21:10:49 ec2: 256 SHA256:5xO6gVtyc/Voe6GR/22pexe7gfqKlBAWigiXT9sRu1w root@ubuntu-xenial (ED25519)
<14>May 12 21:10:49 ec2: 2048 SHA256:IbI1MXahOdlb/exP8jnHZCf8ieTFk9b3xHJ482W+0jA root@ubuntu-xenial (RSA)
<14>May 12 21:10:49 ec2: -----END SSH HOST KEY FINGERPRINTS-----
<14>May 12 21:10:49 ec2: #############################################################
-----BEGIN SSH HOST KEY KEYS-----
ecdsa-sha2-nistp256 AAAAE2VjZHNhLXNoYTItbmlzdHAyNTYAAAAIbmlzdHAyNTYAAABBBELhdemCIMAcIfZ2B4RGwA89FwR4uYUFNDxX1YRRYmiFMNd+bhVHiH1RHAXqf0Errqdt0Zna+NWSadCqiOfhnSM= root@ubuntu-xenial
ssh-ed25519 AAAAC3NzaC1lZDI1NTE5AAAAIAn+W65VsI3AjoYniu1vOY+CfKkbx21+siQhRWoLzxO/ root@ubuntu-xenial
ssh-rsa AAAAB3NzaC1yc2EAAAADAQABAAABAQDIpwgxYtj9QDK550lTCQvKd3UNw2AUg+vRMMFQSorkKL8Ad9AQF8JB9rAwbNxdz5c9vG52+bUPqsnWq1A5yUhRcBCWTrkplrmWe/aPgEJ9ZLxgKX7Mv2a9L4aZPidQmIPRaQOvyWdiLlNYiE22C8jt1QFwTrQTnpqLrkU9hvuTGNL7vmAR1e4E5rRo4XAFEYn2Jvi1fplLKkPyIL5BPiDRimpt+Okm3/OHsIwpnALPZrRdVhWi775Biglw3qUHPlag2jx4Xpt7+17oqxAuXKA7IoC/rxQrVssaKm+ME3dNDN50tIPuZUEYIH4YdQJGap05e7dvrIP3g4QYIZIJz1aR root@ubuntu-xenial
-----END SSH HOST KEY KEYS-----
[   20.006654] cloud-init[1410]: Cloud-init v. 19.4-33-gbb4131a2-0ubuntu1~16.04.1 running 'modules:final' at Tue, 12 May 2020 21:10:49 +0000. Up 19.70 seconds.
[   20.006902] cloud-init[1410]: ci-info: no authorized SSH keys fingerprints found for user ubuntu.
[   20.007037] cloud-init[1410]: Cloud-init v. 19.4-33-gbb4131a2-0ubuntu1~16.04.1 finished at Tue, 12 May 2020 21:10:49 +0000. Datasource DataSourceNoCloud [seed=/dev/sdb][dsmode=net].  Up 19.98 seconds

Ubuntu 16.04.6 LTS ubuntu-xenial ttyS0

ubuntu-xenial login: 